<?xml version="1.0" encoding="UTF-8"?>
<coverage generated="1587561533192" clover="3.2.0">
  <project timestamp="1587561533193" name="All files">
    <metrics statements="8" coveredstatements="5" conditionals="0" coveredconditionals="0" methods="10" coveredmethods="5" elements="18" coveredelements="10" complexity="0" loc="8" ncloc="8" packages="1" files="2" classes="2"/>
    <file name="demo.services.js" path="/home/shiv/Documents/moleculer-demo/services/demo.services.js">
      <metrics statements="5" coveredstatements="2" conditionals="0" coveredconditionals="0" methods="5" coveredmethods="0"/>
      <line num="4" count="1" type="stmt"/>
      <line num="10" count="1" type="stmt"/>
      <line num="37" count="0" type="stmt"/>
      <line num="38" count="0" type="stmt"/>
      <line num="41" count="0" type="stmt"/>
    </file>
    <file name="greeter.service.js" path="/home/shiv/Documents/moleculer-demo/services/greeter.service.js">
      <metrics statements="3" coveredstatements="3" conditionals="0" coveredconditionals="0" methods="5" coveredmethods="5"/>
      <line num="7" count="1" type="stmt"/>
      <line num="24" count="1" type="stmt"/>
      <line num="35" count="1" type="stmt"/>
    </file>
  </project>
</coverage>
