{"/home/shiv/Documents/moleculer-demo/services/demo.services.js": {"path":"/home/shiv/Documents/moleculer-demo/services/demo.services.js","statementMap":{"0":{"start":{"line":4,"column":11},"end":{"line":4,"column":40}},"1":{"start":{"line":10,"column":0},"end":{"line":68,"column":2}},"2":{"start":{"line":37,"column":15},"end":{"line":39,"column":17}},"3":{"start":{"line":38,"column":19},"end":{"line":38,"column":30}},"4":{"start":{"line":41,"column":4},"end":{"line":41,"column":16}}},"fnMap":{"0":{"name":"(anonymous_0)","decl":{"start":{"line":31,"column":3},"end":{"line":31,"column":4}},"loc":{"start":{"line":31,"column":22},"end":{"line":42,"column":4}},"line":31},"1":{"name":"(anonymous_1)","decl":{"start":{"line":37,"column":61},"end":{"line":37,"column":62}},"loc":{"start":{"line":37,"column":73},"end":{"line":39,"column":16}},"line":37},"2":{"name":"(anonymous_2)","decl":{"start":{"line":56,"column":1},"end":{"line":56,"column":2}},"loc":{"start":{"line":56,"column":11},"end":{"line":58,"column":2}},"line":56},"3":{"name":"(anonymous_3)","decl":{"start":{"line":61,"column":1},"end":{"line":61,"column":2}},"loc":{"start":{"line":61,"column":17},"end":{"line":63,"column":2}},"line":61},"4":{"name":"(anonymous_4)","decl":{"start":{"line":65,"column":1},"end":{"line":65,"column":2}},"loc":{"start":{"line":65,"column":17},"end":{"line":67,"column":2}},"line":65}},"branchMap":{},"s":{"0":1,"1":1,"2":0,"3":0,"4":0},"f":{"0":0,"1":0,"2":0,"3":0,"4":0},"b":{},"_coverageSchema":"1a1c01bbd47fc00a2c39e90264f33305004495a9","hash":"b1ef2278250eab505e0daf8f83183292c3841a1c"}
,"/home/shiv/Documents/moleculer-demo/services/greeter.service.js": {"path":"/home/shiv/Documents/moleculer-demo/services/greeter.service.js","statementMap":{"0":{"start":{"line":7,"column":0},"end":{"line":62,"column":2}},"1":{"start":{"line":24,"column":4},"end":{"line":24,"column":29}},"2":{"start":{"line":35,"column":4},"end":{"line":35,"column":41}}},"fnMap":{"0":{"name":"(anonymous_0)","decl":{"start":{"line":23,"column":3},"end":{"line":23,"column":4}},"loc":{"start":{"line":23,"column":19},"end":{"line":25,"column":4}},"line":23},"1":{"name":"(anonymous_1)","decl":{"start":{"line":34,"column":3},"end":{"line":34,"column":4}},"loc":{"start":{"line":34,"column":22},"end":{"line":36,"column":4}},"line":34},"2":{"name":"(anonymous_2)","decl":{"start":{"line":50,"column":1},"end":{"line":50,"column":2}},"loc":{"start":{"line":50,"column":11},"end":{"line":52,"column":2}},"line":50},"3":{"name":"(anonymous_3)","decl":{"start":{"line":55,"column":1},"end":{"line":55,"column":2}},"loc":{"start":{"line":55,"column":17},"end":{"line":57,"column":2}},"line":55},"4":{"name":"(anonymous_4)","decl":{"start":{"line":59,"column":1},"end":{"line":59,"column":2}},"loc":{"start":{"line":59,"column":17},"end":{"line":61,"column":2}},"line":59}},"branchMap":{},"s":{"0":1,"1":1,"2":1},"f":{"0":1,"1":1,"2":1,"3":1,"4":1},"b":{},"_coverageSchema":"1a1c01bbd47fc00a2c39e90264f33305004495a9","hash":"d7688724f2556f93651e6de46a12cba76b3688dd"}
}
