TN:
SF:services/demo.services.js
FN:31,(anonymous_0)
FN:37,(anonymous_1)
FN:56,(anonymous_2)
FN:61,(anonymous_3)
FN:65,(anonymous_4)
FNF:5
FNH:0
FNDA:0,(anonymous_0)
FNDA:0,(anonymous_1)
FNDA:0,(anonymous_2)
FNDA:0,(anonymous_3)
FNDA:0,(anonymous_4)
DA:4,1
DA:10,1
DA:37,0
DA:38,0
DA:41,0
LF:5
LH:2
BRF:0
BRH:0
end_of_record
TN:
SF:services/greeter.service.js
FN:23,(anonymous_0)
FN:34,(anonymous_1)
FN:50,(anonymous_2)
FN:55,(anonymous_3)
FN:59,(anonymous_4)
FNF:5
FNH:5
FNDA:1,(anonymous_0)
FNDA:1,(anonymous_1)
FNDA:1,(anonymous_2)
FNDA:1,(anonymous_3)
FNDA:1,(anonymous_4)
DA:7,1
DA:24,1
DA:35,1
LF:3
LH:3
BRF:0
BRH:0
end_of_record
